<?xml version="1.0" encoding="UTF-8"?>
<testsuite xmlns:xsi="http://www.w3.org/2001/XMLSchema-instance" xsi:noNamespaceSchemaLocation="https://maven.apache.org/surefire/maven-surefire-plugin/xsd/surefire-test-report.xsd" name="com.larry.weixin_aihuishou.AppTest" time="0.111" tests="1" errors="0" skipped="0" failures="0">
  <properties>
    <property name="sun.desktop" value="gnome"/>
    <property name="awt.toolkit" value="sun.awt.X11.XToolkit"/>
    <property name="file.encoding.pkg" value="sun.io"/>
    <property name="java.specification.version" value="1.8"/>
    <property name="sun.cpu.isalist" value=""/>
    <property name="sun.jnu.encoding" value="UTF-8"/>
    <property name="java.class.path" value="/home/larryso/eclipse-workspace/weixin_aihuishou/target/test-classes:/home/larryso/eclipse-workspace/weixin_aihuishou/target/classes:/home/larryso/eclipse-workspace/weixin_aihuishou/maven/repository/org/springframework/boot/spring-boot-starter-web/2.0.4.RELEASE/spring-boot-starter-web-2.0.4.RELEASE.jar:/home/larryso/eclipse-workspace/weixin_aihuishou/maven/repository/org/springframework/boot/spring-boot-starter/2.0.4.RELEASE/spring-boot-starter-2.0.4.RELEASE.jar:/home/larryso/eclipse-workspace/weixin_aihuishou/maven/repository/org/springframework/boot/spring-boot/2.0.4.RELEASE/spring-boot-2.0.4.RELEASE.jar:/home/larryso/eclipse-workspace/weixin_aihuishou/maven/repository/org/springframework/boot/spring-boot-autoconfigure/2.0.4.RELEASE/spring-boot-autoconfigure-2.0.4.RELEASE.jar:/home/larryso/eclipse-workspace/weixin_aihuishou/maven/repository/org/springframework/boot/spring-boot-starter-logging/2.0.4.RELEASE/spring-boot-starter-logging-2.0.4.RELEASE.jar:/home/larryso/eclipse-workspace/weixin_aihuishou/maven/repository/org/apache/logging/log4j/log4j-to-slf4j/2.10.0/log4j-to-slf4j-2.10.0.jar:/home/larryso/eclipse-workspace/weixin_aihuishou/maven/repository/org/apache/logging/log4j/log4j-api/2.10.0/log4j-api-2.10.0.jar:/home/larryso/eclipse-workspace/weixin_aihuishou/maven/repository/org/slf4j/jul-to-slf4j/1.7.21/jul-to-slf4j-1.7.21.jar:/home/larryso/eclipse-workspace/weixin_aihuishou/maven/repository/javax/annotation/javax.annotation-api/1.3.2/javax.annotation-api-1.3.2.jar:/home/larryso/eclipse-workspace/weixin_aihuishou/maven/repository/org/yaml/snakeyaml/1.19/snakeyaml-1.19.jar:/home/larryso/eclipse-workspace/weixin_aihuishou/maven/repository/org/springframework/boot/spring-boot-starter-json/2.0.4.RELEASE/spring-boot-starter-json-2.0.4.RELEASE.jar:/home/larryso/eclipse-workspace/weixin_aihuishou/maven/repository/com/fasterxml/jackson/core/jackson-databind/2.9.6/jackson-databind-2.9.6.jar:/home/larryso/eclipse-workspace/weixin_aihuishou/maven/repository/com/fasterxml/jackson/core/jackson-annotations/2.9.0/jackson-annotations-2.9.0.jar:/home/larryso/eclipse-workspace/weixin_aihuishou/maven/repository/com/fasterxml/jackson/core/jackson-core/2.9.6/jackson-core-2.9.6.jar:/home/larryso/eclipse-workspace/weixin_aihuishou/maven/repository/com/fasterxml/jackson/datatype/jackson-datatype-jdk8/2.9.6/jackson-datatype-jdk8-2.9.6.jar:/home/larryso/eclipse-workspace/weixin_aihuishou/maven/repository/com/fasterxml/jackson/datatype/jackson-datatype-jsr310/2.9.6/jackson-datatype-jsr310-2.9.6.jar:/home/larryso/eclipse-workspace/weixin_aihuishou/maven/repository/com/fasterxml/jackson/module/jackson-module-parameter-names/2.9.6/jackson-module-parameter-names-2.9.6.jar:/home/larryso/eclipse-workspace/weixin_aihuishou/maven/repository/org/springframework/boot/spring-boot-starter-tomcat/2.0.4.RELEASE/spring-boot-starter-tomcat-2.0.4.RELEASE.jar:/home/larryso/eclipse-workspace/weixin_aihuishou/maven/repository/org/apache/tomcat/embed/tomcat-embed-core/8.5.32/tomcat-embed-core-8.5.32.jar:/home/larryso/eclipse-workspace/weixin_aihuishou/maven/repository/org/apache/tomcat/embed/tomcat-embed-el/8.5.32/tomcat-embed-el-8.5.32.jar:/home/larryso/eclipse-workspace/weixin_aihuishou/maven/repository/org/apache/tomcat/embed/tomcat-embed-websocket/8.5.32/tomcat-embed-websocket-8.5.32.jar:/home/larryso/eclipse-workspace/weixin_aihuishou/maven/repository/org/hibernate/validator/hibernate-validator/6.0.11.Final/hibernate-validator-6.0.11.Final.jar:/home/larryso/eclipse-workspace/weixin_aihuishou/maven/repository/javax/validation/validation-api/2.0.1.Final/validation-api-2.0.1.Final.jar:/home/larryso/eclipse-workspace/weixin_aihuishou/maven/repository/org/jboss/logging/jboss-logging/3.3.2.Final/jboss-logging-3.3.2.Final.jar:/home/larryso/eclipse-workspace/weixin_aihuishou/maven/repository/com/fasterxml/classmate/1.3.4/classmate-1.3.4.jar:/home/larryso/eclipse-workspace/weixin_aihuishou/maven/repository/org/springframework/spring-web/5.0.8.RELEASE/spring-web-5.0.8.RELEASE.jar:/home/larryso/eclipse-workspace/weixin_aihuishou/maven/repository/org/springframework/spring-beans/5.0.8.RELEASE/spring-beans-5.0.8.RELEASE.jar:/home/larryso/eclipse-workspace/weixin_aihuishou/maven/repository/org/springframework/spring-webmvc/5.0.8.RELEASE/spring-webmvc-5.0.8.RELEASE.jar:/home/larryso/eclipse-workspace/weixin_aihuishou/maven/repository/org/springframework/spring-aop/5.0.8.RELEASE/spring-aop-5.0.8.RELEASE.jar:/home/larryso/eclipse-workspace/weixin_aihuishou/maven/repository/org/springframework/spring-expression/5.0.8.RELEASE/spring-expression-5.0.8.RELEASE.jar:/home/larryso/eclipse-workspace/weixin_aihuishou/maven/repository/org/springframework/boot/spring-boot-starter-test/2.0.4.RELEASE/spring-boot-starter-test-2.0.4.RELEASE.jar:/home/larryso/eclipse-workspace/weixin_aihuishou/maven/repository/org/springframework/boot/spring-boot-test/2.0.4.RELEASE/spring-boot-test-2.0.4.RELEASE.jar:/home/larryso/eclipse-workspace/weixin_aihuishou/maven/repository/org/springframework/boot/spring-boot-test-autoconfigure/2.0.4.RELEASE/spring-boot-test-autoconfigure-2.0.4.RELEASE.jar:/home/larryso/eclipse-workspace/weixin_aihuishou/maven/repository/com/jayway/jsonpath/json-path/2.4.0/json-path-2.4.0.jar:/home/larryso/eclipse-workspace/weixin_aihuishou/maven/repository/net/minidev/json-smart/2.3/json-smart-2.3.jar:/home/larryso/eclipse-workspace/weixin_aihuishou/maven/repository/net/minidev/accessors-smart/1.2/accessors-smart-1.2.jar:/home/larryso/eclipse-workspace/weixin_aihuishou/maven/repository/org/ow2/asm/asm/5.0.4/asm-5.0.4.jar:/home/larryso/eclipse-workspace/weixin_aihuishou/maven/repository/junit/junit/4.12/junit-4.12.jar:/home/larryso/eclipse-workspace/weixin_aihuishou/maven/repository/org/assertj/assertj-core/3.9.1/assertj-core-3.9.1.jar:/home/larryso/eclipse-workspace/weixin_aihuishou/maven/repository/org/mockito/mockito-core/2.15.0/mockito-core-2.15.0.jar:/home/larryso/eclipse-workspace/weixin_aihuishou/maven/repository/net/bytebuddy/byte-buddy/1.7.11/byte-buddy-1.7.11.jar:/home/larryso/eclipse-workspace/weixin_aihuishou/maven/repository/net/bytebuddy/byte-buddy-agent/1.7.11/byte-buddy-agent-1.7.11.jar:/home/larryso/eclipse-workspace/weixin_aihuishou/maven/repository/org/objenesis/objenesis/2.6/objenesis-2.6.jar:/home/larryso/eclipse-workspace/weixin_aihuishou/maven/repository/org/hamcrest/hamcrest-core/1.3/hamcrest-core-1.3.jar:/home/larryso/eclipse-workspace/weixin_aihuishou/maven/repository/org/hamcrest/hamcrest-library/1.3/hamcrest-library-1.3.jar:/home/larryso/eclipse-workspace/weixin_aihuishou/maven/repository/org/skyscreamer/jsonassert/1.5.0/jsonassert-1.5.0.jar:/home/larryso/eclipse-workspace/weixin_aihuishou/maven/repository/com/vaadin/external/google/android-json/0.0.20131108.vaadin1/android-json-0.0.20131108.vaadin1.jar:/home/larryso/eclipse-workspace/weixin_aihuishou/maven/repository/org/springframework/spring-core/5.0.8.RELEASE/spring-core-5.0.8.RELEASE.jar:/home/larryso/eclipse-workspace/weixin_aihuishou/maven/repository/org/springframework/spring-jcl/5.0.8.RELEASE/spring-jcl-5.0.8.RELEASE.jar:/home/larryso/eclipse-workspace/weixin_aihuishou/maven/repository/org/springframework/spring-test/5.0.8.RELEASE/spring-test-5.0.8.RELEASE.jar:/home/larryso/eclipse-workspace/weixin_aihuishou/maven/repository/org/xmlunit/xmlunit-core/2.5.1/xmlunit-core-2.5.1.jar:/home/larryso/eclipse-workspace/weixin_aihuishou/maven/repository/commons-codec/commons-codec/1.6/commons-codec-1.6.jar:/home/larryso/eclipse-workspace/weixin_aihuishou/maven/repository/org/springframework/boot/spring-boot-starter-thymeleaf/2.0.4.RELEASE/spring-boot-starter-thymeleaf-2.0.4.RELEASE.jar:/home/larryso/eclipse-workspace/weixin_aihuishou/maven/repository/org/thymeleaf/thymeleaf-spring5/3.0.9.RELEASE/thymeleaf-spring5-3.0.9.RELEASE.jar:/home/larryso/eclipse-workspace/weixin_aihuishou/maven/repository/org/thymeleaf/thymeleaf/3.0.9.RELEASE/thymeleaf-3.0.9.RELEASE.jar:/home/larryso/eclipse-workspace/weixin_aihuishou/maven/repository/org/attoparser/attoparser/2.0.4.RELEASE/attoparser-2.0.4.RELEASE.jar:/home/larryso/eclipse-workspace/weixin_aihuishou/maven/repository/org/unbescape/unbescape/1.1.5.RELEASE/unbescape-1.1.5.RELEASE.jar:/home/larryso/eclipse-workspace/weixin_aihuishou/maven/repository/org/thymeleaf/extras/thymeleaf-extras-java8time/3.0.1.RELEASE/thymeleaf-extras-java8time-3.0.1.RELEASE.jar:/home/larryso/eclipse-workspace/weixin_aihuishou/maven/repository/org/projectlombok/lombok/1.16.22/lombok-1.16.22.jar:/home/larryso/eclipse-workspace/weixin_aihuishou/maven/repository/net/sf/json-lib/json-lib/2.4/json-lib-2.4-jdk15.jar:/home/larryso/eclipse-workspace/weixin_aihuishou/maven/repository/commons-beanutils/commons-beanutils/1.8.0/commons-beanutils-1.8.0.jar:/home/larryso/eclipse-workspace/weixin_aihuishou/maven/repository/commons-collections/commons-collections/3.2.1/commons-collections-3.2.1.jar:/home/larryso/eclipse-workspace/weixin_aihuishou/maven/repository/commons-lang/commons-lang/2.5/commons-lang-2.5.jar:/home/larryso/eclipse-workspace/weixin_aihuishou/maven/repository/commons-logging/commons-logging/1.1.1/commons-logging-1.1.1.jar:/home/larryso/eclipse-workspace/weixin_aihuishou/maven/repository/net/sf/ezmorph/ezmorph/1.0.6/ezmorph-1.0.6.jar:/home/larryso/eclipse-workspace/weixin_aihuishou/maven/repository/org/apache/httpcomponents/httpclient/4.5.10/httpclient-4.5.10.jar:/home/larryso/eclipse-workspace/weixin_aihuishou/maven/repository/org/apache/httpcomponents/httpcore/4.4.10/httpcore-4.4.10.jar:/home/larryso/eclipse-workspace/weixin_aihuishou/maven/repository/dom4j/dom4j/1.6.1/dom4j-1.6.1.jar:/home/larryso/eclipse-workspace/weixin_aihuishou/maven/repository/xml-apis/xml-apis/1.4.01/xml-apis-1.4.01.jar:/home/larryso/eclipse-workspace/weixin_aihuishou/maven/repository/xstream/xstream/1.1.3/xstream-1.1.3.jar:/home/larryso/eclipse-workspace/weixin_aihuishou/maven/repository/org/springframework/boot/spring-boot-starter-data-jpa/2.0.4.RELEASE/spring-boot-starter-data-jpa-2.0.4.RELEASE.jar:/home/larryso/eclipse-workspace/weixin_aihuishou/maven/repository/org/springframework/boot/spring-boot-starter-aop/2.0.4.RELEASE/spring-boot-starter-aop-2.0.4.RELEASE.jar:/home/larryso/eclipse-workspace/weixin_aihuishou/maven/repository/org/aspectj/aspectjweaver/1.8.13/aspectjweaver-1.8.13.jar:/home/larryso/eclipse-workspace/weixin_aihuishou/maven/repository/org/springframework/boot/spring-boot-starter-jdbc/2.0.4.RELEASE/spring-boot-starter-jdbc-2.0.4.RELEASE.jar:/home/larryso/eclipse-workspace/weixin_aihuishou/maven/repository/com/zaxxer/HikariCP/2.7.9/HikariCP-2.7.9.jar:/home/larryso/eclipse-workspace/weixin_aihuishou/maven/repository/org/springframework/spring-jdbc/5.0.8.RELEASE/spring-jdbc-5.0.8.RELEASE.jar:/home/larryso/eclipse-workspace/weixin_aihuishou/maven/repository/org/hibernate/hibernate-core/5.2.17.Final/hibernate-core-5.2.17.Final.jar:/home/larryso/eclipse-workspace/weixin_aihuishou/maven/repository/org/hibernate/javax/persistence/hibernate-jpa-2.1-api/1.0.2.Final/hibernate-jpa-2.1-api-1.0.2.Final.jar:/home/larryso/eclipse-workspace/weixin_aihuishou/maven/repository/org/javassist/javassist/3.22.0-GA/javassist-3.22.0-GA.jar:/home/larryso/eclipse-workspace/weixin_aihuishou/maven/repository/antlr/antlr/2.7.7/antlr-2.7.7.jar:/home/larryso/eclipse-workspace/weixin_aihuishou/maven/repository/org/jboss/jandex/2.0.3.Final/jandex-2.0.3.Final.jar:/home/larryso/eclipse-workspace/weixin_aihuishou/maven/repository/org/hibernate/common/hibernate-commons-annotations/5.0.1.Final/hibernate-commons-annotations-5.0.1.Final.jar:/home/larryso/eclipse-workspace/weixin_aihuishou/maven/repository/javax/transaction/javax.transaction-api/1.2/javax.transaction-api-1.2.jar:/home/larryso/eclipse-workspace/weixin_aihuishou/maven/repository/org/springframework/data/spring-data-jpa/2.0.9.RELEASE/spring-data-jpa-2.0.9.RELEASE.jar:/home/larryso/eclipse-workspace/weixin_aihuishou/maven/repository/org/springframework/data/spring-data-commons/2.0.9.RELEASE/spring-data-commons-2.0.9.RELEASE.jar:/home/larryso/eclipse-workspace/weixin_aihuishou/maven/repository/org/springframework/spring-orm/5.0.8.RELEASE/spring-orm-5.0.8.RELEASE.jar:/home/larryso/eclipse-workspace/weixin_aihuishou/maven/repository/org/springframework/spring-tx/5.0.8.RELEASE/spring-tx-5.0.8.RELEASE.jar:/home/larryso/eclipse-workspace/weixin_aihuishou/maven/repository/org/springframework/spring-aspects/5.0.8.RELEASE/spring-aspects-5.0.8.RELEASE.jar:/home/larryso/eclipse-workspace/weixin_aihuishou/maven/repository/mysql/mysql-connector-java/6.0.6/mysql-connector-java-6.0.6.jar:/home/larryso/eclipse-workspace/weixin_aihuishou/maven/repository/org/springframework/boot/spring-boot-starter-cache/2.0.4.RELEASE/spring-boot-starter-cache-2.0.4.RELEASE.jar:/home/larryso/eclipse-workspace/weixin_aihuishou/maven/repository/org/springframework/spring-context/5.0.8.RELEASE/spring-context-5.0.8.RELEASE.jar:/home/larryso/eclipse-workspace/weixin_aihuishou/maven/repository/org/springframework/spring-context-support/5.0.8.RELEASE/spring-context-support-5.0.8.RELEASE.jar:/home/larryso/eclipse-workspace/weixin_aihuishou/maven/repository/net/sf/ehcache/ehcache/2.10.5/ehcache-2.10.5.jar:/home/larryso/eclipse-workspace/weixin_aihuishou/maven/repository/org/slf4j/slf4j-api/1.7.21/slf4j-api-1.7.21.jar:/home/larryso/eclipse-workspace/weixin_aihuishou/maven/repository/ch/qos/logback/logback-core/1.1.7/logback-core-1.1.7.jar:/home/larryso/eclipse-workspace/weixin_aihuishou/maven/repository/ch/qos/logback/logback-classic/1.1.7/logback-classic-1.1.7.jar:/home/larryso/eclipse-workspace/weixin_aihuishou/maven/repository/org/springframework/boot/spring-boot-starter-data-redis/2.0.4.RELEASE/spring-boot-starter-data-redis-2.0.4.RELEASE.jar:/home/larryso/eclipse-workspace/weixin_aihuishou/maven/repository/org/springframework/data/spring-data-redis/2.0.9.RELEASE/spring-data-redis-2.0.9.RELEASE.jar:/home/larryso/eclipse-workspace/weixin_aihuishou/maven/repository/org/springframework/data/spring-data-keyvalue/2.0.9.RELEASE/spring-data-keyvalue-2.0.9.RELEASE.jar:/home/larryso/eclipse-workspace/weixin_aihuishou/maven/repository/org/springframework/spring-oxm/5.0.8.RELEASE/spring-oxm-5.0.8.RELEASE.jar:/home/larryso/eclipse-workspace/weixin_aihuishou/maven/repository/io/lettuce/lettuce-core/5.0.4.RELEASE/lettuce-core-5.0.4.RELEASE.jar:/home/larryso/eclipse-workspace/weixin_aihuishou/maven/repository/io/projectreactor/reactor-core/3.1.8.RELEASE/reactor-core-3.1.8.RELEASE.jar:/home/larryso/eclipse-workspace/weixin_aihuishou/maven/repository/org/reactivestreams/reactive-streams/1.0.2/reactive-streams-1.0.2.jar:/home/larryso/eclipse-workspace/weixin_aihuishou/maven/repository/io/netty/netty-common/4.1.27.Final/netty-common-4.1.27.Final.jar:/home/larryso/eclipse-workspace/weixin_aihuishou/maven/repository/io/netty/netty-transport/4.1.27.Final/netty-transport-4.1.27.Final.jar:/home/larryso/eclipse-workspace/weixin_aihuishou/maven/repository/io/netty/netty-buffer/4.1.27.Final/netty-buffer-4.1.27.Final.jar:/home/larryso/eclipse-workspace/weixin_aihuishou/maven/repository/io/netty/netty-resolver/4.1.27.Final/netty-resolver-4.1.27.Final.jar:/home/larryso/eclipse-workspace/weixin_aihuishou/maven/repository/io/netty/netty-handler/4.1.27.Final/netty-handler-4.1.27.Final.jar:/home/larryso/eclipse-workspace/weixin_aihuishou/maven/repository/io/netty/netty-codec/4.1.27.Final/netty-codec-4.1.27.Final.jar:"/>
    <property name="java.vm.vendor" value="Oracle Corporation"/>
    <property name="sun.arch.data.model" value="64"/>
    <property name="java.vendor.url" value="http://java.oracle.com/"/>
    <property name="user.timezone" value=""/>
    <property name="java.vm.specification.version" value="1.8"/>
    <property name="os.name" value="Linux"/>
    <property name="user.country" value="US"/>
    <property name="sun.java.launcher" value="SUN_STANDARD"/>
    <property name="sun.boot.library.path" value="/usr/local/java/jdk1.8.0_181/jre/lib/amd64"/>
    <property name="sun.java.command" value="/home/larryso/eclipse-workspace/weixin_aihuishou/target/surefire/surefirebooter3725052910867230982.jar /home/larryso/eclipse-workspace/weixin_aihuishou/target/surefire 2020-02-04T17-52-10_449-jvmRun1 surefire1684728357241121861tmp surefire_08821274542528447144tmp"/>
    <property name="surefire.test.class.path" value="/home/larryso/eclipse-workspace/weixin_aihuishou/target/test-classes:/home/larryso/eclipse-workspace/weixin_aihuishou/target/classes:/home/larryso/eclipse-workspace/weixin_aihuishou/maven/repository/org/springframework/boot/spring-boot-starter-web/2.0.4.RELEASE/spring-boot-starter-web-2.0.4.RELEASE.jar:/home/larryso/eclipse-workspace/weixin_aihuishou/maven/repository/org/springframework/boot/spring-boot-starter/2.0.4.RELEASE/spring-boot-starter-2.0.4.RELEASE.jar:/home/larryso/eclipse-workspace/weixin_aihuishou/maven/repository/org/springframework/boot/spring-boot/2.0.4.RELEASE/spring-boot-2.0.4.RELEASE.jar:/home/larryso/eclipse-workspace/weixin_aihuishou/maven/repository/org/springframework/boot/spring-boot-autoconfigure/2.0.4.RELEASE/spring-boot-autoconfigure-2.0.4.RELEASE.jar:/home/larryso/eclipse-workspace/weixin_aihuishou/maven/repository/org/springframework/boot/spring-boot-starter-logging/2.0.4.RELEASE/spring-boot-starter-logging-2.0.4.RELEASE.jar:/home/larryso/eclipse-workspace/weixin_aihuishou/maven/repository/org/apache/logging/log4j/log4j-to-slf4j/2.10.0/log4j-to-slf4j-2.10.0.jar:/home/larryso/eclipse-workspace/weixin_aihuishou/maven/repository/org/apache/logging/log4j/log4j-api/2.10.0/log4j-api-2.10.0.jar:/home/larryso/eclipse-workspace/weixin_aihuishou/maven/repository/org/slf4j/jul-to-slf4j/1.7.21/jul-to-slf4j-1.7.21.jar:/home/larryso/eclipse-workspace/weixin_aihuishou/maven/repository/javax/annotation/javax.annotation-api/1.3.2/javax.annotation-api-1.3.2.jar:/home/larryso/eclipse-workspace/weixin_aihuishou/maven/repository/org/yaml/snakeyaml/1.19/snakeyaml-1.19.jar:/home/larryso/eclipse-workspace/weixin_aihuishou/maven/repository/org/springframework/boot/spring-boot-starter-json/2.0.4.RELEASE/spring-boot-starter-json-2.0.4.RELEASE.jar:/home/larryso/eclipse-workspace/weixin_aihuishou/maven/repository/com/fasterxml/jackson/core/jackson-databind/2.9.6/jackson-databind-2.9.6.jar:/home/larryso/eclipse-workspace/weixin_aihuishou/maven/repository/com/fasterxml/jackson/core/jackson-annotations/2.9.0/jackson-annotations-2.9.0.jar:/home/larryso/eclipse-workspace/weixin_aihuishou/maven/repository/com/fasterxml/jackson/core/jackson-core/2.9.6/jackson-core-2.9.6.jar:/home/larryso/eclipse-workspace/weixin_aihuishou/maven/repository/com/fasterxml/jackson/datatype/jackson-datatype-jdk8/2.9.6/jackson-datatype-jdk8-2.9.6.jar:/home/larryso/eclipse-workspace/weixin_aihuishou/maven/repository/com/fasterxml/jackson/datatype/jackson-datatype-jsr310/2.9.6/jackson-datatype-jsr310-2.9.6.jar:/home/larryso/eclipse-workspace/weixin_aihuishou/maven/repository/com/fasterxml/jackson/module/jackson-module-parameter-names/2.9.6/jackson-module-parameter-names-2.9.6.jar:/home/larryso/eclipse-workspace/weixin_aihuishou/maven/repository/org/springframework/boot/spring-boot-starter-tomcat/2.0.4.RELEASE/spring-boot-starter-tomcat-2.0.4.RELEASE.jar:/home/larryso/eclipse-workspace/weixin_aihuishou/maven/repository/org/apache/tomcat/embed/tomcat-embed-core/8.5.32/tomcat-embed-core-8.5.32.jar:/home/larryso/eclipse-workspace/weixin_aihuishou/maven/repository/org/apache/tomcat/embed/tomcat-embed-el/8.5.32/tomcat-embed-el-8.5.32.jar:/home/larryso/eclipse-workspace/weixin_aihuishou/maven/repository/org/apache/tomcat/embed/tomcat-embed-websocket/8.5.32/tomcat-embed-websocket-8.5.32.jar:/home/larryso/eclipse-workspace/weixin_aihuishou/maven/repository/org/hibernate/validator/hibernate-validator/6.0.11.Final/hibernate-validator-6.0.11.Final.jar:/home/larryso/eclipse-workspace/weixin_aihuishou/maven/repository/javax/validation/validation-api/2.0.1.Final/validation-api-2.0.1.Final.jar:/home/larryso/eclipse-workspace/weixin_aihuishou/maven/repository/org/jboss/logging/jboss-logging/3.3.2.Final/jboss-logging-3.3.2.Final.jar:/home/larryso/eclipse-workspace/weixin_aihuishou/maven/repository/com/fasterxml/classmate/1.3.4/classmate-1.3.4.jar:/home/larryso/eclipse-workspace/weixin_aihuishou/maven/repository/org/springframework/spring-web/5.0.8.RELEASE/spring-web-5.0.8.RELEASE.jar:/home/larryso/eclipse-workspace/weixin_aihuishou/maven/repository/org/springframework/spring-beans/5.0.8.RELEASE/spring-beans-5.0.8.RELEASE.jar:/home/larryso/eclipse-workspace/weixin_aihuishou/maven/repository/org/springframework/spring-webmvc/5.0.8.RELEASE/spring-webmvc-5.0.8.RELEASE.jar:/home/larryso/eclipse-workspace/weixin_aihuishou/maven/repository/org/springframework/spring-aop/5.0.8.RELEASE/spring-aop-5.0.8.RELEASE.jar:/home/larryso/eclipse-workspace/weixin_aihuishou/maven/repository/org/springframework/spring-expression/5.0.8.RELEASE/spring-expression-5.0.8.RELEASE.jar:/home/larryso/eclipse-workspace/weixin_aihuishou/maven/repository/org/springframework/boot/spring-boot-starter-test/2.0.4.RELEASE/spring-boot-starter-test-2.0.4.RELEASE.jar:/home/larryso/eclipse-workspace/weixin_aihuishou/maven/repository/org/springframework/boot/spring-boot-test/2.0.4.RELEASE/spring-boot-test-2.0.4.RELEASE.jar:/home/larryso/eclipse-workspace/weixin_aihuishou/maven/repository/org/springframework/boot/spring-boot-test-autoconfigure/2.0.4.RELEASE/spring-boot-test-autoconfigure-2.0.4.RELEASE.jar:/home/larryso/eclipse-workspace/weixin_aihuishou/maven/repository/com/jayway/jsonpath/json-path/2.4.0/json-path-2.4.0.jar:/home/larryso/eclipse-workspace/weixin_aihuishou/maven/repository/net/minidev/json-smart/2.3/json-smart-2.3.jar:/home/larryso/eclipse-workspace/weixin_aihuishou/maven/repository/net/minidev/accessors-smart/1.2/accessors-smart-1.2.jar:/home/larryso/eclipse-workspace/weixin_aihuishou/maven/repository/org/ow2/asm/asm/5.0.4/asm-5.0.4.jar:/home/larryso/eclipse-workspace/weixin_aihuishou/maven/repository/junit/junit/4.12/junit-4.12.jar:/home/larryso/eclipse-workspace/weixin_aihuishou/maven/repository/org/assertj/assertj-core/3.9.1/assertj-core-3.9.1.jar:/home/larryso/eclipse-workspace/weixin_aihuishou/maven/repository/org/mockito/mockito-core/2.15.0/mockito-core-2.15.0.jar:/home/larryso/eclipse-workspace/weixin_aihuishou/maven/repository/net/bytebuddy/byte-buddy/1.7.11/byte-buddy-1.7.11.jar:/home/larryso/eclipse-workspace/weixin_aihuishou/maven/repository/net/bytebuddy/byte-buddy-agent/1.7.11/byte-buddy-agent-1.7.11.jar:/home/larryso/eclipse-workspace/weixin_aihuishou/maven/repository/org/objenesis/objenesis/2.6/objenesis-2.6.jar:/home/larryso/eclipse-workspace/weixin_aihuishou/maven/repository/org/hamcrest/hamcrest-core/1.3/hamcrest-core-1.3.jar:/home/larryso/eclipse-workspace/weixin_aihuishou/maven/repository/org/hamcrest/hamcrest-library/1.3/hamcrest-library-1.3.jar:/home/larryso/eclipse-workspace/weixin_aihuishou/maven/repository/org/skyscreamer/jsonassert/1.5.0/jsonassert-1.5.0.jar:/home/larryso/eclipse-workspace/weixin_aihuishou/maven/repository/com/vaadin/external/google/android-json/0.0.20131108.vaadin1/android-json-0.0.20131108.vaadin1.jar:/home/larryso/eclipse-workspace/weixin_aihuishou/maven/repository/org/springframework/spring-core/5.0.8.RELEASE/spring-core-5.0.8.RELEASE.jar:/home/larryso/eclipse-workspace/weixin_aihuishou/maven/repository/org/springframework/spring-jcl/5.0.8.RELEASE/spring-jcl-5.0.8.RELEASE.jar:/home/larryso/eclipse-workspace/weixin_aihuishou/maven/repository/org/springframework/spring-test/5.0.8.RELEASE/spring-test-5.0.8.RELEASE.jar:/home/larryso/eclipse-workspace/weixin_aihuishou/maven/repository/org/xmlunit/xmlunit-core/2.5.1/xmlunit-core-2.5.1.jar:/home/larryso/eclipse-workspace/weixin_aihuishou/maven/repository/commons-codec/commons-codec/1.6/commons-codec-1.6.jar:/home/larryso/eclipse-workspace/weixin_aihuishou/maven/repository/org/springframework/boot/spring-boot-starter-thymeleaf/2.0.4.RELEASE/spring-boot-starter-thymeleaf-2.0.4.RELEASE.jar:/home/larryso/eclipse-workspace/weixin_aihuishou/maven/repository/org/thymeleaf/thymeleaf-spring5/3.0.9.RELEASE/thymeleaf-spring5-3.0.9.RELEASE.jar:/home/larryso/eclipse-workspace/weixin_aihuishou/maven/repository/org/thymeleaf/thymeleaf/3.0.9.RELEASE/thymeleaf-3.0.9.RELEASE.jar:/home/larryso/eclipse-workspace/weixin_aihuishou/maven/repository/org/attoparser/attoparser/2.0.4.RELEASE/attoparser-2.0.4.RELEASE.jar:/home/larryso/eclipse-workspace/weixin_aihuishou/maven/repository/org/unbescape/unbescape/1.1.5.RELEASE/unbescape-1.1.5.RELEASE.jar:/home/larryso/eclipse-workspace/weixin_aihuishou/maven/repository/org/thymeleaf/extras/thymeleaf-extras-java8time/3.0.1.RELEASE/thymeleaf-extras-java8time-3.0.1.RELEASE.jar:/home/larryso/eclipse-workspace/weixin_aihuishou/maven/repository/org/projectlombok/lombok/1.16.22/lombok-1.16.22.jar:/home/larryso/eclipse-workspace/weixin_aihuishou/maven/repository/net/sf/json-lib/json-lib/2.4/json-lib-2.4-jdk15.jar:/home/larryso/eclipse-workspace/weixin_aihuishou/maven/repository/commons-beanutils/commons-beanutils/1.8.0/commons-beanutils-1.8.0.jar:/home/larryso/eclipse-workspace/weixin_aihuishou/maven/repository/commons-collections/commons-collections/3.2.1/commons-collections-3.2.1.jar:/home/larryso/eclipse-workspace/weixin_aihuishou/maven/repository/commons-lang/commons-lang/2.5/commons-lang-2.5.jar:/home/larryso/eclipse-workspace/weixin_aihuishou/maven/repository/commons-logging/commons-logging/1.1.1/commons-logging-1.1.1.jar:/home/larryso/eclipse-workspace/weixin_aihuishou/maven/repository/net/sf/ezmorph/ezmorph/1.0.6/ezmorph-1.0.6.jar:/home/larryso/eclipse-workspace/weixin_aihuishou/maven/repository/org/apache/httpcomponents/httpclient/4.5.10/httpclient-4.5.10.jar:/home/larryso/eclipse-workspace/weixin_aihuishou/maven/repository/org/apache/httpcomponents/httpcore/4.4.10/httpcore-4.4.10.jar:/home/larryso/eclipse-workspace/weixin_aihuishou/maven/repository/dom4j/dom4j/1.6.1/dom4j-1.6.1.jar:/home/larryso/eclipse-workspace/weixin_aihuishou/maven/repository/xml-apis/xml-apis/1.4.01/xml-apis-1.4.01.jar:/home/larryso/eclipse-workspace/weixin_aihuishou/maven/repository/xstream/xstream/1.1.3/xstream-1.1.3.jar:/home/larryso/eclipse-workspace/weixin_aihuishou/maven/repository/org/springframework/boot/spring-boot-starter-data-jpa/2.0.4.RELEASE/spring-boot-starter-data-jpa-2.0.4.RELEASE.jar:/home/larryso/eclipse-workspace/weixin_aihuishou/maven/repository/org/springframework/boot/spring-boot-starter-aop/2.0.4.RELEASE/spring-boot-starter-aop-2.0.4.RELEASE.jar:/home/larryso/eclipse-workspace/weixin_aihuishou/maven/repository/org/aspectj/aspectjweaver/1.8.13/aspectjweaver-1.8.13.jar:/home/larryso/eclipse-workspace/weixin_aihuishou/maven/repository/org/springframework/boot/spring-boot-starter-jdbc/2.0.4.RELEASE/spring-boot-starter-jdbc-2.0.4.RELEASE.jar:/home/larryso/eclipse-workspace/weixin_aihuishou/maven/repository/com/zaxxer/HikariCP/2.7.9/HikariCP-2.7.9.jar:/home/larryso/eclipse-workspace/weixin_aihuishou/maven/repository/org/springframework/spring-jdbc/5.0.8.RELEASE/spring-jdbc-5.0.8.RELEASE.jar:/home/larryso/eclipse-workspace/weixin_aihuishou/maven/repository/org/hibernate/hibernate-core/5.2.17.Final/hibernate-core-5.2.17.Final.jar:/home/larryso/eclipse-workspace/weixin_aihuishou/maven/repository/org/hibernate/javax/persistence/hibernate-jpa-2.1-api/1.0.2.Final/hibernate-jpa-2.1-api-1.0.2.Final.jar:/home/larryso/eclipse-workspace/weixin_aihuishou/maven/repository/org/javassist/javassist/3.22.0-GA/javassist-3.22.0-GA.jar:/home/larryso/eclipse-workspace/weixin_aihuishou/maven/repository/antlr/antlr/2.7.7/antlr-2.7.7.jar:/home/larryso/eclipse-workspace/weixin_aihuishou/maven/repository/org/jboss/jandex/2.0.3.Final/jandex-2.0.3.Final.jar:/home/larryso/eclipse-workspace/weixin_aihuishou/maven/repository/org/hibernate/common/hibernate-commons-annotations/5.0.1.Final/hibernate-commons-annotations-5.0.1.Final.jar:/home/larryso/eclipse-workspace/weixin_aihuishou/maven/repository/javax/transaction/javax.transaction-api/1.2/javax.transaction-api-1.2.jar:/home/larryso/eclipse-workspace/weixin_aihuishou/maven/repository/org/springframework/data/spring-data-jpa/2.0.9.RELEASE/spring-data-jpa-2.0.9.RELEASE.jar:/home/larryso/eclipse-workspace/weixin_aihuishou/maven/repository/org/springframework/data/spring-data-commons/2.0.9.RELEASE/spring-data-commons-2.0.9.RELEASE.jar:/home/larryso/eclipse-workspace/weixin_aihuishou/maven/repository/org/springframework/spring-orm/5.0.8.RELEASE/spring-orm-5.0.8.RELEASE.jar:/home/larryso/eclipse-workspace/weixin_aihuishou/maven/repository/org/springframework/spring-tx/5.0.8.RELEASE/spring-tx-5.0.8.RELEASE.jar:/home/larryso/eclipse-workspace/weixin_aihuishou/maven/repository/org/springframework/spring-aspects/5.0.8.RELEASE/spring-aspects-5.0.8.RELEASE.jar:/home/larryso/eclipse-workspace/weixin_aihuishou/maven/repository/mysql/mysql-connector-java/6.0.6/mysql-connector-java-6.0.6.jar:/home/larryso/eclipse-workspace/weixin_aihuishou/maven/repository/org/springframework/boot/spring-boot-starter-cache/2.0.4.RELEASE/spring-boot-starter-cache-2.0.4.RELEASE.jar:/home/larryso/eclipse-workspace/weixin_aihuishou/maven/repository/org/springframework/spring-context/5.0.8.RELEASE/spring-context-5.0.8.RELEASE.jar:/home/larryso/eclipse-workspace/weixin_aihuishou/maven/repository/org/springframework/spring-context-support/5.0.8.RELEASE/spring-context-support-5.0.8.RELEASE.jar:/home/larryso/eclipse-workspace/weixin_aihuishou/maven/repository/net/sf/ehcache/ehcache/2.10.5/ehcache-2.10.5.jar:/home/larryso/eclipse-workspace/weixin_aihuishou/maven/repository/org/slf4j/slf4j-api/1.7.21/slf4j-api-1.7.21.jar:/home/larryso/eclipse-workspace/weixin_aihuishou/maven/repository/ch/qos/logback/logback-core/1.1.7/logback-core-1.1.7.jar:/home/larryso/eclipse-workspace/weixin_aihuishou/maven/repository/ch/qos/logback/logback-classic/1.1.7/logback-classic-1.1.7.jar:/home/larryso/eclipse-workspace/weixin_aihuishou/maven/repository/org/springframework/boot/spring-boot-starter-data-redis/2.0.4.RELEASE/spring-boot-starter-data-redis-2.0.4.RELEASE.jar:/home/larryso/eclipse-workspace/weixin_aihuishou/maven/repository/org/springframework/data/spring-data-redis/2.0.9.RELEASE/spring-data-redis-2.0.9.RELEASE.jar:/home/larryso/eclipse-workspace/weixin_aihuishou/maven/repository/org/springframework/data/spring-data-keyvalue/2.0.9.RELEASE/spring-data-keyvalue-2.0.9.RELEASE.jar:/home/larryso/eclipse-workspace/weixin_aihuishou/maven/repository/org/springframework/spring-oxm/5.0.8.RELEASE/spring-oxm-5.0.8.RELEASE.jar:/home/larryso/eclipse-workspace/weixin_aihuishou/maven/repository/io/lettuce/lettuce-core/5.0.4.RELEASE/lettuce-core-5.0.4.RELEASE.jar:/home/larryso/eclipse-workspace/weixin_aihuishou/maven/repository/io/projectreactor/reactor-core/3.1.8.RELEASE/reactor-core-3.1.8.RELEASE.jar:/home/larryso/eclipse-workspace/weixin_aihuishou/maven/repository/org/reactivestreams/reactive-streams/1.0.2/reactive-streams-1.0.2.jar:/home/larryso/eclipse-workspace/weixin_aihuishou/maven/repository/io/netty/netty-common/4.1.27.Final/netty-common-4.1.27.Final.jar:/home/larryso/eclipse-workspace/weixin_aihuishou/maven/repository/io/netty/netty-transport/4.1.27.Final/netty-transport-4.1.27.Final.jar:/home/larryso/eclipse-workspace/weixin_aihuishou/maven/repository/io/netty/netty-buffer/4.1.27.Final/netty-buffer-4.1.27.Final.jar:/home/larryso/eclipse-workspace/weixin_aihuishou/maven/repository/io/netty/netty-resolver/4.1.27.Final/netty-resolver-4.1.27.Final.jar:/home/larryso/eclipse-workspace/weixin_aihuishou/maven/repository/io/netty/netty-handler/4.1.27.Final/netty-handler-4.1.27.Final.jar:/home/larryso/eclipse-workspace/weixin_aihuishou/maven/repository/io/netty/netty-codec/4.1.27.Final/netty-codec-4.1.27.Final.jar:"/>
    <property name="sun.cpu.endian" value="little"/>
    <property name="user.home" value="/home/larryso"/>
    <property name="user.language" value="en"/>
    <property name="java.specification.vendor" value="Oracle Corporation"/>
    <property name="java.home" value="/usr/local/java/jdk1.8.0_181/jre"/>
    <property name="basedir" value="/home/larryso/eclipse-workspace/weixin_aihuishou"/>
    <property name="file.separator" value="/"/>
    <property name="line.separator" value="&#10;"/>
    <property name="java.vm.specification.vendor" value="Oracle Corporation"/>
    <property name="java.specification.name" value="Java Platform API Specification"/>
    <property name="java.awt.graphicsenv" value="sun.awt.X11GraphicsEnvironment"/>
    <property name="surefire.real.class.path" value="/home/larryso/eclipse-workspace/weixin_aihuishou/target/surefire/surefirebooter3725052910867230982.jar"/>
    <property name="sun.boot.class.path" value="/usr/local/java/jdk1.8.0_181/jre/lib/resources.jar:/usr/local/java/jdk1.8.0_181/jre/lib/rt.jar:/usr/local/java/jdk1.8.0_181/jre/lib/sunrsasign.jar:/usr/local/java/jdk1.8.0_181/jre/lib/jsse.jar:/usr/local/java/jdk1.8.0_181/jre/lib/jce.jar:/usr/local/java/jdk1.8.0_181/jre/lib/charsets.jar:/usr/local/java/jdk1.8.0_181/jre/lib/jfr.jar:/usr/local/java/jdk1.8.0_181/jre/classes"/>
    <property name="sun.management.compiler" value="HotSpot 64-Bit Tiered Compilers"/>
    <property name="java.runtime.version" value="1.8.0_181-b13"/>
    <property name="user.name" value="larryso"/>
    <property name="path.separator" value=":"/>
    <property name="os.version" value="4.15.0-76-generic"/>
    <property name="java.endorsed.dirs" value="/usr/local/java/jdk1.8.0_181/jre/lib/endorsed"/>
    <property name="java.runtime.name" value="Java(TM) SE Runtime Environment"/>
    <property name="file.encoding" value="UTF-8"/>
    <property name="java.vm.name" value="Java HotSpot(TM) 64-Bit Server VM"/>
    <property name="localRepository" value="/home/larryso/eclipse-workspace/weixin_aihuishou/maven/repository"/>
    <property name="java.vendor.url.bug" value="http://bugreport.sun.com/bugreport/"/>
    <property name="java.io.tmpdir" value="/tmp"/>
    <property name="java.version" value="1.8.0_181"/>
    <property name="user.dir" value="/home/larryso/eclipse-workspace/weixin_aihuishou"/>
    <property name="os.arch" value="amd64"/>
    <property name="java.vm.specification.name" value="Java Virtual Machine Specification"/>
    <property name="java.awt.printerjob" value="sun.print.PSPrinterJob"/>
    <property name="sun.os.patch.level" value="unknown"/>
    <property name="java.library.path" value="/usr/java/packages/lib/amd64:/usr/lib64:/lib64:/lib:/usr/lib"/>
    <property name="java.vm.info" value="mixed mode"/>
    <property name="java.vendor" value="Oracle Corporation"/>
    <property name="java.vm.version" value="25.181-b13"/>
    <property name="java.ext.dirs" value="/usr/local/java/jdk1.8.0_181/jre/lib/ext:/usr/java/packages/lib/ext"/>
    <property name="sun.io.unicode.encoding" value="UnicodeLittle"/>
    <property name="java.class.version" value="52.0"/>
  </properties>
  <testcase name="testApp" classname="com.larry.weixin_aihuishou.AppTest" time="0.006"/>
</testsuite>